[{"stream_name":"stderr","time":2.695200633,"data":"[NbConvertApp] Converting notebook __notebook__.ipynb to html\n"}
,{"stream_name":"stderr","time":4.270517504,"data":"[NbConvertApp] Support files will be in __results___files/\n"}
,{"stream_name":"stderr","time":4.270577319,"data":"[NbConvertApp] Making directory __results___files\n"}
,{"stream_name":"stderr","time":4.271326618,"data":"[NbConvertApp] Making directory __results___files\n"}
,{"stream_name":"stderr","time":4.271901892,"data":"[NbConvertApp] Making directory __results___files\n"}
,{"stream_name":"stderr","time":4.272193182,"data":"[NbConvertApp] Making directory __results___files\n"}
,{"stream_name":"stderr","time":4.272542562,"data":"[NbConvertApp] Making directory __results___files\n"}
,{"stream_name":"stderr","time":4.272866811,"data":"[NbConvertApp] Making directory __results___files\n"}
,{"stream_name":"stderr","time":4.273443861,"data":"[NbConvertApp] Making directory __results___files\n"}
,{"stream_name":"stderr","time":4.273660392,"data":"[NbConvertApp] Making directory __results___files\n"}
,{"stream_name":"stderr","time":4.273991703,"data":"[NbConvertApp] Making directory __results___files\n"}
,{"stream_name":"stderr","time":4.274240502,"data":"[NbConvertApp] Making directory __results___files\n"}
,{"stream_name":"stderr","time":4.274490231,"data":"[NbConvertApp] Making directory __results___files\n"}
,{"stream_name":"stderr","time":4.274886033,"data":"[NbConvertApp] Making directory __results___files\n"}
,{"stream_name":"stderr","time":4.27503743,"data":"[NbConvertApp] Making directory __results___files\n"}
,{"stream_name":"stderr","time":4.275358898,"data":"[NbConvertApp] Making directory __results___files\n"}
,{"stream_name":"stderr","time":4.275652211,"data":"[NbConvertApp] Making directory __results___files\n"}
,{"stream_name":"stderr","time":4.275814607,"data":"[NbConvertApp] Making directory __results___files\n"}
,{"stream_name":"stderr","time":4.27633213,"data":"[NbConvertApp] Making directory __results___files\n"}
,{"stream_name":"stderr","time":4.276749087,"data":"[NbConvertApp] Making directory __results___files\n"}
,{"stream_name":"stderr","time":4.27696105,"data":"[NbConvertApp] Making directory __results___files\n"}
,{"stream_name":"stderr","time":4.277275541,"data":"[NbConvertApp] Making directory __results___files\n"}
,{"stream_name":"stderr","time":4.277633934,"data":"[NbConvertApp] Making directory __results___files\n"}
,{"stream_name":"stderr","time":4.278067504,"data":"[NbConvertApp] Making directory __results___files\n"}
,{"stream_name":"stderr","time":4.2782981079999995,"data":"[NbConvertApp] Making directory __results___files\n"}
,{"stream_name":"stderr","time":4.278647362,"data":"[NbConvertApp] Making directory __results___files\n"}
,{"stream_name":"stderr","time":4.279021233,"data":"[NbConvertApp] Writing 1102987 bytes to __results__.html\n"}
]